#
# A fatal error has been detected by the Java Runtime Environment:
#
#  EXCEPTION_ACCESS_VIOLATION (0xc0000005) at pc=0x00007ffc32ab990c, pid=8744, tid=0x0000000000003f0c
#
# JRE version: Java(TM) SE Runtime Environment (8.0_401) (build 1.8.0_401-b10)
# Java VM: Java HotSpot(TM) 64-Bit Server VM (25.401-b10 mixed mode windows-amd64 compressed oops)
# Problematic frame:
# C  [ig11icd64.dll+0x5f990c]
#
# Failed to write core dump. Minidumps are not enabled by default on client versions of Windows
#
# If you would like to submit a bug report, please visit:
#   http://bugreport.java.com/bugreport/crash.jsp
#

---------------  T H R E A D  ---------------

Current thread (0x000001efe3134000):  VMThread [stack: 0x0000001a36a00000,0x0000001a36b00000] [id=16140]

siginfo: ExceptionCode=0xc0000005, reading address 0x0000000000035788

Registers:
RAX=0x000001effb04af38, RBX=0x000001effb04ae30, RCX=0x0000000000000000, RDX=0x000001efe45071f0
RSP=0x0000001a36afe960, RBP=0x000001efe471c0c0, RSI=0x000001effb04b400, RDI=0x000001efe466fc70
R8 =0x0000000000000014, R9 =0x000001effb04af38, R10=0x0000000000000000, R11=0x0000000000000246
R12=0x000001efe460f800, R13=0x0000000000000000, R14=0x0000000000000000, R15=0x0000000000000000
RIP=0x00007ffc32ab990c, EFLAGS=0x0000000000010202

Top of Stack: (sp=0x0000001a36afe960)
0x0000001a36afe960:   000001efe455a030 000001efcef10000
0x0000001a36afe970:   0000001a36afe9a8 0000005400000000
0x0000001a36afe980:   0000000000000010 0000000000000000
0x0000001a36afe990:   00000001002e0000 000001efe460f8e0
0x0000001a36afe9a0:   0000000000000000 00007ffc32a9aaed
0x0000001a36afe9b0:   000001efe455a030 000001efe466fc70
0x0000001a36afe9c0:   0000001a36afeab0 0000000000079e83
0x0000001a36afe9d0:   0000001a0000b200 0000001a00000000
0x0000001a36afe9e0:   0000000000000000 00007ffc7634c7bc
0x0000001a36afe9f0:   0000000000000000 0000000000000000
0x0000001a36afea00:   0000001a36afea51 0000001a36afeb30
0x0000001a36afea10:   0000001a36afea6c 0000001a36afea68
0x0000001a36afea20:   0000000000000000 0000000300000002
0x0000001a36afea30:   000004b400000002 0000000000000000
0x0000001a36afea40:   000001efcef1179c 0000000300000020
0x0000001a36afea50:   0000000000000000 0000000300000002 

Instructions: (pc=0x00007ffc32ab990c)
0x00007ffc32ab98ec:   8b c1 83 e0 0f 48 8d 04 c0 49 8d 04 c1 48 85 c0
0x00007ffc32ab98fc:   74 0c 48 8b 48 08 eb 08 48 83 c0 08 eb ef 33 c9
0x00007ffc32ab990c:   49 3b 8e 88 57 03 00 76 51 48 8b 87 78 02 00 00
0x00007ffc32ab991c:   48 89 06 48 89 9f 78 02 00 00 ff 87 80 02 00 00 


Register to memory mapping:

RAX=0x000001effb04af38 is an unknown value
RBX=0x000001effb04ae30 is an unknown value
RCX=0x0000000000000000 is an unknown value
RDX=0x000001efe45071f0 is an unknown value
RSP=0x0000001a36afe960 is an unknown value
RBP=0x000001efe471c0c0 is an unknown value
RSI=0x000001effb04b400 is an unknown value
RDI=0x000001efe466fc70 is an unknown value
R8 =0x0000000000000014 is an unknown value
R9 =0x000001effb04af38 is an unknown value
R10=0x0000000000000000 is an unknown value
R11=0x0000000000000246 is an unknown value
R12=0x000001efe460f800 is an unknown value
R13=0x0000000000000000 is an unknown value
R14=0x0000000000000000 is an unknown value
R15=0x0000000000000000 is an unknown value


Stack: [0x0000001a36a00000,0x0000001a36b00000],  sp=0x0000001a36afe960,  free space=1018k
Native frames: (J=compiled Java code, j=interpreted, Vv=VM code, C=native code)
C  [ig11icd64.dll+0x5f990c]
C  [ig11icd64.dll+0x5daaed]
C  [ig11icd64.dll+0x6d43cf]
C  [ig11icd64.dll+0x6391e8]
C  [ig11icd64.dll+0x6d0989]
C  [ig11icd64.dll+0x5d5b30]
C  [ig11icd64.dll+0x5d5979]
C  [ig11icd64.dll+0x585dfb]
C  [ntdll.dll+0x19a1d]
C  [ntdll.dll+0x5dcda]
C  [ntdll.dll+0x5da8d]
C  [KERNEL32.DLL+0x1e3bb]
C  [ucrtbase.dll+0x205bc]
C  [ucrtbase.dll+0x2045f]
V  [jvm.dll+0x21b935]
V  [jvm.dll+0x259486]
V  [jvm.dll+0x259a47]
V  [jvm.dll+0x25816f]
V  [jvm.dll+0x2588f8]
V  [jvm.dll+0x258bc4]
V  [jvm.dll+0x2acb3c]
C  [ucrtbase.dll+0x21bb2]
C  [KERNEL32.DLL+0x17344]
C  [ntdll.dll+0x526b1]

VM_Operation (0x0000001a377fd020): Exit, mode: safepoint, requested by thread 0x000001efe410c000


---------------  P R O C E S S  ---------------

Java Threads: ( => current thread )
  0x000001efebb1b000 JavaThread "Thread-5" [_thread_blocked, id=14020, stack(0x0000001a37f00000,0x0000001a38000000)]
  0x000001efe45c7000 JavaThread "Thread-4" [_thread_blocked, id=15100, stack(0x0000001a37e00000,0x0000001a37f00000)]
  0x000001efcf016800 JavaThread "DestroyJavaVM" [_thread_blocked, id=16104, stack(0x0000001a36500000,0x0000001a36600000)]
  0x000001efe4465800 JavaThread "Timer hack thread" daemon [_thread_blocked, id=2468, stack(0x0000001a37800000,0x0000001a37900000)]
  0x000001efe410c000 JavaThread "AWT-EventQueue-0" [_thread_blocked, id=14968, stack(0x0000001a37700000,0x0000001a37800000)]
  0x000001efe40e7000 JavaThread "AWT-Shutdown" [_thread_blocked, id=12636, stack(0x0000001a37500000,0x0000001a37600000)]
  0x000001efe40e3800 JavaThread "Java2D Disposer" daemon [_thread_blocked, id=12232, stack(0x0000001a37400000,0x0000001a37500000)]
  0x000001efe320e800 JavaThread "Service Thread" daemon [_thread_blocked, id=13600, stack(0x0000001a37200000,0x0000001a37300000)]
  0x000001efe318f800 JavaThread "C1 CompilerThread2" daemon [_thread_blocked, id=10588, stack(0x0000001a37100000,0x0000001a37200000)]
  0x000001efe318f000 JavaThread "C2 CompilerThread1" daemon [_thread_blocked, id=12040, stack(0x0000001a37000000,0x0000001a37100000)]
  0x000001efe317e800 JavaThread "C2 CompilerThread0" daemon [_thread_blocked, id=9360, stack(0x0000001a36f00000,0x0000001a37000000)]
  0x000001efe317a000 JavaThread "Attach Listener" daemon [_thread_blocked, id=8996, stack(0x0000001a36e00000,0x0000001a36f00000)]
  0x000001efe3179000 JavaThread "Signal Dispatcher" daemon [_thread_blocked, id=6708, stack(0x0000001a36d00000,0x0000001a36e00000)]
  0x000001efe3157000 JavaThread "Finalizer" daemon [_thread_blocked, id=13760, stack(0x0000001a36c00000,0x0000001a36d00000)]
  0x000001efe3155000 JavaThread "Reference Handler" daemon [_thread_blocked, id=15212, stack(0x0000001a36b00000,0x0000001a36c00000)]

Other Threads:
=>0x000001efe3134000 VMThread [stack: 0x0000001a36a00000,0x0000001a36b00000] [id=16140]

VM state:at safepoint (shutting down)

VM Mutex/Monitor currently owned by a thread:  ([mutex/lock_event])
[0x000001efcf0140c0] Threads_lock - owner thread: 0x000001efe3134000

heap address: 0x00000000c2c00000, size: 980 MB, Compressed Oops mode: 32-bit
Narrow klass base: 0x0000000000000000, Narrow klass shift: 3
Compressed class space size: 1073741824 Address: 0x0000000100000000

Heap:
 PSYoungGen      total 37376K, used 995K [0x00000000eb980000, 0x00000000ef600000, 0x0000000100000000)
  eden space 18944K, 5% used [0x00000000eb980000,0x00000000eba78e48,0x00000000ecc00000)
  from space 18432K, 0% used [0x00000000ee000000,0x00000000ee000000,0x00000000ef200000)
  to   space 20480K, 0% used [0x00000000ecc00000,0x00000000ecc00000,0x00000000ee000000)
 ParOldGen       total 80896K, used 59379K [0x00000000c2c00000, 0x00000000c7b00000, 0x00000000eb980000)
  object space 80896K, 73% used [0x00000000c2c00000,0x00000000c65fcc20,0x00000000c7b00000)
 Metaspace       used 21405K, capacity 21671K, committed 21888K, reserved 1069056K
  class space    used 2317K, capacity 2418K, committed 2432K, reserved 1048576K

Card table byte_map: [0x000001efdfe90000,0x000001efe0080000] byte_map_base: 0x000001efdf87a000

Marking Bits: (ParMarkBitMap*) 0x00007ffc2d2e5fc0
 Begin Bits: [0x000001efe0080000, 0x000001efe0fd0000)
 End Bits:   [0x000001efe0fd0000, 0x000001efe1f20000)

Polling page: 0x000001efcefd0000

CodeCache: size=245760Kb used=14492Kb max_used=14541Kb free=231267Kb
 bounds [0x000001efd0ad0000, 0x000001efd1920000, 0x000001efdfad0000]
 total_blobs=3723 nmethods=3043 adapters=593
 compilation: enabled

Compilation events (10 events):
Event: 38.717 Thread 0x000001efe318f000 3597 %     4       net.minecraft.src.GuiMainMenu::drawLogo @ 418 (647 bytes)
Event: 38.808 Thread 0x000001efe318f000 nmethod 3597% 0x000001efd19022d0 code [0x000001efd19027a0, 0x000001efd19049c8]
Event: 38.856 Thread 0x000001efe317e800 3598       4       net.minecraft.src.GuiMainMenu::drawLogo (647 bytes)
Event: 38.902 Thread 0x000001efe318f000 3599   !   4       org.lwjgl.input.Keyboard::isKeyDown (45 bytes)
Event: 38.905 Thread 0x000001efe318f000 nmethod 3599 0x000001efd18f9010 code [0x000001efd18f9160, 0x000001efd18f93f8]
Event: 38.997 Thread 0x000001efe317e800 nmethod 3598 0x000001efd190ca90 code [0x000001efd190d0c0, 0x000001efd1910108]
Event: 39.334 Thread 0x000001efe318f800 3600       3       org.lwjgl.opengl.GL11::glCullFace (19 bytes)
Event: 39.335 Thread 0x000001efe318f800 nmethod 3600 0x000001efd0be5b10 code [0x000001efd0be5ce0, 0x000001efd0be63e0]
Event: 39.376 Thread 0x000001efe318f800 3601       3       net.minecraft.src.GuiScreen::drawScreen (51 bytes)
Event: 39.377 Thread 0x000001efe318f800 nmethod 3601 0x000001efd0bea3d0 code [0x000001efd0bea580, 0x000001efd0beaaf0]

GC Heap History (10 events):
Event: 18.287 GC heap before
{Heap before GC invocations=13 (full 4):
 PSYoungGen      total 17408K, used 17392K [0x00000000eb980000, 0x00000000ef080000, 0x0000000100000000)
  eden space 16896K, 100% used [0x00000000eb980000,0x00000000eca00000,0x00000000eca00000)
  from space 512K, 96% used [0x00000000edb00000,0x00000000edb7c020,0x00000000edb80000)
  to   space 17408K, 0% used [0x00000000eca00000,0x00000000eca00000,0x00000000edb00000)
 ParOldGen       total 80896K, used 48769K [0x00000000c2c00000, 0x00000000c7b00000, 0x00000000eb980000)
  object space 80896K, 60% used [0x00000000c2c00000,0x00000000c5ba05a0,0x00000000c7b00000)
 Metaspace       used 21042K, capacity 21333K, committed 21632K, reserved 1069056K
  class space    used 2312K, capacity 2415K, committed 2432K, reserved 1048576K
Event: 18.308 GC heap after
Heap after GC invocations=13 (full 4):
 PSYoungGen      total 34304K, used 6670K [0x00000000eb980000, 0x00000000eec80000, 0x0000000100000000)
  eden space 16896K, 0% used [0x00000000eb980000,0x00000000eb980000,0x00000000eca00000)
  from space 17408K, 38% used [0x00000000eca00000,0x00000000ed083b08,0x00000000edb00000)
  to   space 16384K, 0% used [0x00000000edc80000,0x00000000edc80000,0x00000000eec80000)
 ParOldGen       total 80896K, used 48777K [0x00000000c2c00000, 0x00000000c7b00000, 0x00000000eb980000)
  object space 80896K, 60% used [0x00000000c2c00000,0x00000000c5ba25a0,0x00000000c7b00000)
 Metaspace       used 21042K, capacity 21333K, committed 21632K, reserved 1069056K
  class space    used 2312K, capacity 2415K, committed 2432K, reserved 1048576K
}
Event: 24.204 GC heap before
{Heap before GC invocations=14 (full 4):
 PSYoungGen      total 34304K, used 23566K [0x00000000eb980000, 0x00000000eec80000, 0x0000000100000000)
  eden space 16896K, 100% used [0x00000000eb980000,0x00000000eca00000,0x00000000eca00000)
  from space 17408K, 38% used [0x00000000eca00000,0x00000000ed083b08,0x00000000edb00000)
  to   space 16384K, 0% used [0x00000000edc80000,0x00000000edc80000,0x00000000eec80000)
 ParOldGen       total 80896K, used 48777K [0x00000000c2c00000, 0x00000000c7b00000, 0x00000000eb980000)
  object space 80896K, 60% used [0x00000000c2c00000,0x00000000c5ba25a0,0x00000000c7b00000)
 Metaspace       used 21239K, capacity 21601K, committed 21888K, reserved 1069056K
  class space    used 2313K, capacity 2417K, committed 2432K, reserved 1048576K
Event: 24.212 GC heap after
Heap after GC invocations=14 (full 4):
 PSYoungGen      total 35328K, used 10526K [0x00000000eb980000, 0x00000000eed00000, 0x0000000100000000)
  eden space 18944K, 0% used [0x00000000eb980000,0x00000000eb980000,0x00000000ecc00000)
  from space 16384K, 64% used [0x00000000edc80000,0x00000000ee6c78f0,0x00000000eec80000)
  to   space 16896K, 0% used [0x00000000ecc00000,0x00000000ecc00000,0x00000000edc80000)
 ParOldGen       total 80896K, used 48785K [0x00000000c2c00000, 0x00000000c7b00000, 0x00000000eb980000)
  object space 80896K, 60% used [0x00000000c2c00000,0x00000000c5ba45a0,0x00000000c7b00000)
 Metaspace       used 21239K, capacity 21601K, committed 21888K, reserved 1069056K
  class space    used 2313K, capacity 2417K, committed 2432K, reserved 1048576K
}
Event: 29.283 GC heap before
{Heap before GC invocations=15 (full 4):
 PSYoungGen      total 35328K, used 29470K [0x00000000eb980000, 0x00000000eed00000, 0x0000000100000000)
  eden space 18944K, 100% used [0x00000000eb980000,0x00000000ecc00000,0x00000000ecc00000)
  from space 16384K, 64% used [0x00000000edc80000,0x00000000ee6c78f0,0x00000000eec80000)
  to   space 16896K, 0% used [0x00000000ecc00000,0x00000000ecc00000,0x00000000edc80000)
 ParOldGen       total 80896K, used 48785K [0x00000000c2c00000, 0x00000000c7b00000, 0x00000000eb980000)
  object space 80896K, 60% used [0x00000000c2c00000,0x00000000c5ba45a0,0x00000000c7b00000)
 Metaspace       used 21316K, capacity 21607K, committed 21888K, reserved 1069056K
  class space    used 2313K, capacity 2418K, committed 2432K, reserved 1048576K
Event: 29.293 GC heap after
Heap after GC invocations=15 (full 4):
 PSYoungGen      total 35840K, used 14740K [0x00000000eb980000, 0x00000000ef200000, 0x0000000100000000)
  eden space 18944K, 0% used [0x00000000eb980000,0x00000000eb980000,0x00000000ecc00000)
  from space 16896K, 87% used [0x00000000ecc00000,0x00000000eda65258,0x00000000edc80000)
  to   space 18432K, 0% used [0x00000000ee000000,0x00000000ee000000,0x00000000ef200000)
 ParOldGen       total 80896K, used 48793K [0x00000000c2c00000, 0x00000000c7b00000, 0x00000000eb980000)
  object space 80896K, 60% used [0x00000000c2c00000,0x00000000c5ba65a0,0x00000000c7b00000)
 Metaspace       used 21316K, capacity 21607K, committed 21888K, reserved 1069056K
  class space    used 2313K, capacity 2418K, committed 2432K, reserved 1048576K
}
Event: 38.448 GC heap before
{Heap before GC invocations=16 (full 4):
 PSYoungGen      total 35840K, used 24995K [0x00000000eb980000, 0x00000000ef200000, 0x0000000100000000)
  eden space 18944K, 54% used [0x00000000eb980000,0x00000000ec3839f8,0x00000000ecc00000)
  from space 16896K, 87% used [0x00000000ecc00000,0x00000000eda65258,0x00000000edc80000)
  to   space 18432K, 0% used [0x00000000ee000000,0x00000000ee000000,0x00000000ef200000)
 ParOldGen       total 80896K, used 48793K [0x00000000c2c00000, 0x00000000c7b00000, 0x00000000eb980000)
  object space 80896K, 60% used [0x00000000c2c00000,0x00000000c5ba65a0,0x00000000c7b00000)
 Metaspace       used 21396K, capacity 21671K, committed 21888K, reserved 1069056K
  class space    used 2316K, capacity 2418K, committed 2432K, reserved 1048576K
Event: 38.467 GC heap after
Heap after GC invocations=16 (full 4):
 PSYoungGen      total 37376K, used 16053K [0x00000000eb980000, 0x00000000ef600000, 0x0000000100000000)
  eden space 18944K, 0% used [0x00000000eb980000,0x00000000eb980000,0x00000000ecc00000)
  from space 18432K, 87% used [0x00000000ee000000,0x00000000eefad558,0x00000000ef200000)
  to   space 20480K, 0% used [0x00000000ecc00000,0x00000000ecc00000,0x00000000ee000000)
 ParOldGen       total 80896K, used 48801K [0x00000000c2c00000, 0x00000000c7b00000, 0x00000000eb980000)
  object space 80896K, 60% used [0x00000000c2c00000,0x00000000c5ba85a0,0x00000000c7b00000)
 Metaspace       used 21396K, capacity 21671K, committed 21888K, reserved 1069056K
  class space    used 2316K, capacity 2418K, committed 2432K, reserved 1048576K
}
Event: 38.467 GC heap before
{Heap before GC invocations=17 (full 5):
 PSYoungGen      total 37376K, used 16053K [0x00000000eb980000, 0x00000000ef600000, 0x0000000100000000)
  eden space 18944K, 0% used [0x00000000eb980000,0x00000000eb980000,0x00000000ecc00000)
  from space 18432K, 87% used [0x00000000ee000000,0x00000000eefad558,0x00000000ef200000)
  to   space 20480K, 0% used [0x00000000ecc00000,0x00000000ecc00000,0x00000000ee000000)
 ParOldGen       total 80896K, used 48801K [0x00000000c2c00000, 0x00000000c7b00000, 0x00000000eb980000)
  object space 80896K, 60% used [0x00000000c2c00000,0x00000000c5ba85a0,0x00000000c7b00000)
 Metaspace       used 21396K, capacity 21671K, committed 21888K, reserved 1069056K
  class space    used 2316K, capacity 2418K, committed 2432K, reserved 1048576K
Event: 38.584 GC heap after
Heap after GC invocations=17 (full 5):
 PSYoungGen      total 37376K, used 0K [0x00000000eb980000, 0x00000000ef600000, 0x0000000100000000)
  eden space 18944K, 0% used [0x00000000eb980000,0x00000000eb980000,0x00000000ecc00000)
  from space 18432K, 0% used [0x00000000ee000000,0x00000000ee000000,0x00000000ef200000)
  to   space 20480K, 0% used [0x00000000ecc00000,0x00000000ecc00000,0x00000000ee000000)
 ParOldGen       total 80896K, used 59379K [0x00000000c2c00000, 0x00000000c7b00000, 0x00000000eb980000)
  object space 80896K, 73% used [0x00000000c2c00000,0x00000000c65fcc20,0x00000000c7b00000)
 Metaspace       used 21396K, capacity 21671K, committed 21888K, reserved 1069056K
  class space    used 2316K, capacity 2418K, committed 2432K, reserved 1048576K
}

Deoptimization events (10 events):
Event: 28.149 Thread 0x000001efe44bb800 Uncommon trap: reason=array_check action=maybe_recompile pc=0x000001efd11b9274 method=java.util.TimSort.mergeLo(IIII)V @ 375
Event: 28.455 Thread 0x000001efe44bb800 Uncommon trap: reason=unstable_if action=reinterpret pc=0x000001efd121ede8 method=net.minecraft.src.BlockFluids.checkForHarden(Lnet/minecraft/src/World;III)V @ 47
Event: 28.455 Thread 0x000001efe44bb800 Uncommon trap: reason=unstable_if action=reinterpret pc=0x000001efd1706738 method=net.minecraft.src.BlockFlowing.func_299_g(Lnet/minecraft/src/World;IIII)V @ 24
Event: 28.542 Thread 0x000001efe44bb800 Uncommon trap: reason=unstable_if action=reinterpret pc=0x000001efd0e8cf84 method=net.minecraft.src.Entity.isInsideOfMaterial(Lnet/minecraft/src/Material;)Z @ 69
Event: 28.597 Thread 0x000001efe44bb800 Uncommon trap: reason=unstable_if action=reinterpret pc=0x000001efd1742efc method=net.minecraft.src.Entity.isInsideOfMaterial(Lnet/minecraft/src/Material;)Z @ 69
Event: 28.911 Thread 0x000001efe44bb800 Uncommon trap: reason=array_check action=maybe_recompile pc=0x000001efd11a988c method=java.util.TimSort.mergeLo(IIII)V @ 468
Event: 28.911 Thread 0x000001efe44bb800 Uncommon trap: reason=array_check action=maybe_recompile pc=0x000001efd11a988c method=java.util.TimSort.mergeLo(IIII)V @ 468
Event: 29.538 Thread 0x000001efe44bb800 Uncommon trap: reason=unstable_if action=reinterpret pc=0x000001efd126a628 method=net.minecraft.src.RenderGlobal.markBlocksForUpdate(IIIIII)V @ 175
Event: 30.437 Thread 0x000001efe44bb800 Uncommon trap: reason=unstable_if action=reinterpret pc=0x000001efd0f84ac8 method=net.minecraft.src.Entity.moveEntity(DDD)V @ 944
Event: 31.195 Thread 0x000001efe44bb800 Uncommon trap: reason=class_check action=maybe_recompile pc=0x000001efd183039c method=net.minecraft.src.WorldGenDungeons.generate(Lnet/minecraft/src/World;Ljava/util/Random;III)Z @ 600

Classes redefined (0 events):
No events

Internal exceptions (10 events):
Event: 33.592 Thread 0x000001efe45c7000 Exception <a 'java/lang/InterruptedException': sleep interrupted> (0x00000000ebfdd6c0) thrown at [C:\jenkins\workspace\8-2-build-windows-x64-cygwin-sans-NAS\jdk8u401\683\hotspot\src\share\vm\prims\jvm.cpp, line 3359]
Event: 33.638 Thread 0x000001efe45c7000 Exception <a 'java/lang/InterruptedException': sleep interrupted> (0x00000000ebfdd968) thrown at [C:\jenkins\workspace\8-2-build-windows-x64-cygwin-sans-NAS\jdk8u401\683\hotspot\src\share\vm\prims\jvm.cpp, line 3359]
Event: 33.690 Thread 0x000001efe45c7000 Exception <a 'java/lang/InterruptedException': sleep interrupted> (0x00000000ebfddc10) thrown at [C:\jenkins\workspace\8-2-build-windows-x64-cygwin-sans-NAS\jdk8u401\683\hotspot\src\share\vm\prims\jvm.cpp, line 3359]
Event: 33.744 Thread 0x000001efe45c7000 Exception <a 'java/lang/InterruptedException': sleep interrupted> (0x00000000ebfddeb8) thrown at [C:\jenkins\workspace\8-2-build-windows-x64-cygwin-sans-NAS\jdk8u401\683\hotspot\src\share\vm\prims\jvm.cpp, line 3359]
Event: 33.800 Thread 0x000001efe45c7000 Exception <a 'java/lang/InterruptedException': sleep interrupted> (0x00000000ebfde160) thrown at [C:\jenkins\workspace\8-2-build-windows-x64-cygwin-sans-NAS\jdk8u401\683\hotspot\src\share\vm\prims\jvm.cpp, line 3359]
Event: 33.852 Thread 0x000001efe45c7000 Exception <a 'java/lang/InterruptedException': sleep interrupted> (0x00000000ebfde408) thrown at [C:\jenkins\workspace\8-2-build-windows-x64-cygwin-sans-NAS\jdk8u401\683\hotspot\src\share\vm\prims\jvm.cpp, line 3359]
Event: 33.907 Thread 0x000001efe45c7000 Exception <a 'java/lang/InterruptedException': sleep interrupted> (0x00000000ebfde6b0) thrown at [C:\jenkins\workspace\8-2-build-windows-x64-cygwin-sans-NAS\jdk8u401\683\hotspot\src\share\vm\prims\jvm.cpp, line 3359]
Event: 33.960 Thread 0x000001efe45c7000 Exception <a 'java/lang/InterruptedException': sleep interrupted> (0x00000000ebfde958) thrown at [C:\jenkins\workspace\8-2-build-windows-x64-cygwin-sans-NAS\jdk8u401\683\hotspot\src\share\vm\prims\jvm.cpp, line 3359]
Event: 34.013 Thread 0x000001efe45c7000 Exception <a 'java/lang/InterruptedException': sleep interrupted> (0x00000000ebfdec00) thrown at [C:\jenkins\workspace\8-2-build-windows-x64-cygwin-sans-NAS\jdk8u401\683\hotspot\src\share\vm\prims\jvm.cpp, line 3359]
Event: 34.063 Thread 0x000001efe45c7000 Exception <a 'java/lang/InterruptedException': sleep interrupted> (0x00000000ebfdeea8) thrown at [C:\jenkins\workspace\8-2-build-windows-x64-cygwin-sans-NAS\jdk8u401\683\hotspot\src\share\vm\prims\jvm.cpp, line 3359]

Events (10 events):
Event: 39.389 loading class java/util/WeakHashMap$KeyIterator
Event: 39.390 loading class java/util/WeakHashMap$HashIterator
Event: 39.390 loading class java/util/WeakHashMap$HashIterator done
Event: 39.390 loading class java/util/WeakHashMap$KeyIterator done
Event: 39.391 Thread 0x000001eff73af800 Thread exited: 0x000001eff73af800
Event: 39.418 Thread 0x000001efe40ec800 Thread exited: 0x000001efe40ec800
Event: 39.424 Thread 0x000001eff73a8000 Thread exited: 0x000001eff73a8000
Event: 39.428 Thread 0x000001eff73a9800 Thread exited: 0x000001eff73a9800
Event: 39.490 Thread 0x000001eff73af000 Thread exited: 0x000001eff73af000
Event: 39.491 Executing VM operation: Exit


Dynamic libraries:
0x00007ff7940a0000 - 0x00007ff7940ea000 	C:\Program Files\Java\jdk-1.8\bin\javaw.exe
0x00007ffc76330000 - 0x00007ffc76528000 	C:\Windows\SYSTEM32\ntdll.dll
0x00007ffc74cd0000 - 0x00007ffc74d8d000 	C:\Windows\System32\KERNEL32.DLL
0x00007ffc73c10000 - 0x00007ffc73f06000 	C:\Windows\System32\KERNELBASE.dll
0x00007ffc75100000 - 0x00007ffc751b0000 	C:\Windows\System32\ADVAPI32.dll
0x00007ffc760c0000 - 0x00007ffc7615e000 	C:\Windows\System32\msvcrt.dll
0x00007ffc76250000 - 0x00007ffc762f0000 	C:\Windows\System32\sechost.dll
0x00007ffc74480000 - 0x00007ffc745a3000 	C:\Windows\System32\RPCRT4.dll
0x00007ffc74160000 - 0x00007ffc74187000 	C:\Windows\System32\bcrypt.dll
0x00007ffc74f60000 - 0x00007ffc750ff000 	C:\Windows\System32\USER32.dll
0x00007ffc74130000 - 0x00007ffc74152000 	C:\Windows\System32\win32u.dll
0x00007ffc76220000 - 0x00007ffc7624b000 	C:\Windows\System32\GDI32.dll
0x00007ffc74010000 - 0x00007ffc74127000 	C:\Windows\System32\gdi32full.dll
0x00007ffc73b70000 - 0x00007ffc73c0d000 	C:\Windows\System32\msvcp_win.dll
0x00007ffc73f10000 - 0x00007ffc74010000 	C:\Windows\System32\ucrtbase.dll
0x00007ffc5a6e0000 - 0x00007ffc5a97a000 	C:\Windows\WinSxS\amd64_microsoft.windows.common-controls_6595b64144ccf1df_6.0.19041.3636_none_60b6a03d71f818d5\COMCTL32.dll
0x00007ffc74440000 - 0x00007ffc74472000 	C:\Windows\System32\IMM32.DLL
0x00007ffc5b870000 - 0x00007ffc5b88b000 	C:\Program Files\Java\jdk-1.8\jre\bin\vcruntime140.dll
0x00007ffc5b860000 - 0x00007ffc5b86c000 	C:\Program Files\Java\jdk-1.8\jre\bin\vcruntime140_1.dll
0x00007ffc582f0000 - 0x00007ffc5837e000 	C:\Program Files\Java\jdk-1.8\jre\bin\msvcp140.dll
0x00007ffc2cab0000 - 0x00007ffc2d360000 	C:\Program Files\Java\jdk-1.8\jre\bin\server\jvm.dll
0x00007ffc74f50000 - 0x00007ffc74f58000 	C:\Windows\System32\PSAPI.DLL
0x00007ffc5bc50000 - 0x00007ffc5bc77000 	C:\Windows\SYSTEM32\WINMM.dll
0x00007ffc5a5d0000 - 0x00007ffc5a5d9000 	C:\Windows\SYSTEM32\WSOCK32.dll
0x00007ffc68f50000 - 0x00007ffc68f5a000 	C:\Windows\SYSTEM32\VERSION.dll
0x00007ffc759a0000 - 0x00007ffc75a0b000 	C:\Windows\System32\WS2_32.dll
0x00007ffc72200000 - 0x00007ffc72212000 	C:\Windows\SYSTEM32\kernel.appcore.dll
0x00007ffc5b850000 - 0x00007ffc5b860000 	C:\Program Files\Java\jdk-1.8\jre\bin\verify.dll
0x00007ffc5b820000 - 0x00007ffc5b84b000 	C:\Program Files\Java\jdk-1.8\jre\bin\java.dll
0x00007ffc5b800000 - 0x00007ffc5b818000 	C:\Program Files\Java\jdk-1.8\jre\bin\zip.dll
0x00007ffc75230000 - 0x00007ffc7599b000 	C:\Windows\System32\SHELL32.dll
0x00007ffc71950000 - 0x00007ffc720ee000 	C:\Windows\SYSTEM32\windows.storage.dll
0x00007ffc75c30000 - 0x00007ffc75f83000 	C:\Windows\System32\combase.dll
0x00007ffc733a0000 - 0x00007ffc733ce000 	C:\Windows\SYSTEM32\Wldp.dll
0x00007ffc75f90000 - 0x00007ffc7605d000 	C:\Windows\System32\OLEAUT32.dll
0x00007ffc747b0000 - 0x00007ffc7485d000 	C:\Windows\System32\SHCORE.dll
0x00007ffc76060000 - 0x00007ffc760b5000 	C:\Windows\System32\shlwapi.dll
0x00007ffc73910000 - 0x00007ffc73933000 	C:\Windows\SYSTEM32\profapi.dll
0x00007ffc26f00000 - 0x00007ffc2707f000 	C:\Program Files\Java\jdk-1.8\jre\bin\awt.dll
0x00007ffc70e10000 - 0x00007ffc70ea0000 	C:\Windows\SYSTEM32\apphelp.dll
0x00007ffc713b0000 - 0x00007ffc713df000 	C:\Windows\system32\DWMAPI.DLL
0x00007ffc70ff0000 - 0x00007ffc7108e000 	C:\Windows\system32\uxtheme.dll
0x00007ffc45be0000 - 0x00007ffc45d05000 	C:\Windows\system32\opengl32.dll
0x00007ffc45bb0000 - 0x00007ffc45bdc000 	C:\Windows\SYSTEM32\GLU32.dll
0x00007ffc745b0000 - 0x00007ffc746c5000 	C:\Windows\System32\MSCTF.dll
0x00007ffc75a70000 - 0x00007ffc75b9b000 	C:\Windows\System32\ole32.dll
0x00007ffc73a90000 - 0x00007ffc73b12000 	C:\Windows\System32\bcryptPrimitives.dll
0x00007ffc4fc00000 - 0x00007ffc4fc4f000 	C:\Program Files\Java\jdk-1.8\jre\bin\fontmanager.dll
0x00007ffc65010000 - 0x00007ffc65109000 	C:\Windows\SYSTEM32\textinputframework.dll
0x00007ffc70c90000 - 0x00007ffc70d82000 	C:\Windows\System32\CoreMessaging.dll
0x00007ffc70480000 - 0x00007ffc707db000 	C:\Windows\System32\CoreUIComponents.dll
0x00007ffc6f190000 - 0x00007ffc6f2e7000 	C:\Windows\SYSTEM32\wintypes.dll
0x00007ffc72b00000 - 0x00007ffc72b33000 	C:\Windows\SYSTEM32\ntmarta.dll
0x00007ffc4c6c0000 - 0x00007ffc4c726000 	C:\Windows\system32\Oleacc.dll
0x0000000180000000 - 0x0000000180053000 	C:\Users\Oikmo\workspace\Minecraft-Alpha-1.2.6-Modded\libs\natives\lwjgl64.dll
0x00007ffc6a160000 - 0x00007ffc6a20e000 	C:\Windows\SYSTEM32\mscms.dll
0x00007ffc73890000 - 0x00007ffc738be000 	C:\Windows\SYSTEM32\USERENV.dll
0x00007ffc69f70000 - 0x00007ffc69f81000 	C:\Windows\SYSTEM32\ColorAdapterClient.dll
0x00007ffc76170000 - 0x00007ffc76219000 	C:\Windows\System32\clbcatq.dll
0x00007ffc66250000 - 0x00007ffc66293000 	C:\Windows\System32\Windows.Internal.Graphics.Display.DisplayColorManagement.dll
0x00007ffc73b20000 - 0x00007ffc73b6e000 	C:\Windows\System32\cfgmgr32.dll
0x00007ffc6a100000 - 0x00007ffc6a107000 	C:\Program Files\Java\jdk-1.8\jre\bin\jawt.dll
0x00007ffc67910000 - 0x00007ffc67a13000 	C:\Windows\System32\AppXDeploymentClient.dll
0x00007ffc324c0000 - 0x00007ffc335da000 	C:\Windows\System32\DriverStore\FileRepository\iigd_dch.inf_amd64_0f12908b4ff13ff7\ig11icd64.dll
0x00007ffc72270000 - 0x00007ffc72363000 	C:\Windows\system32\dxgi.dll
0x00007ffc32380000 - 0x00007ffc324ac000 	C:\Windows\System32\DriverStore\FileRepository\iigd_dch.inf_amd64_0f12908b4ff13ff7\igdml64.dll
0x00007ffc64970000 - 0x00007ffc64d79000 	C:\Windows\System32\DriverStore\FileRepository\iigd_dch.inf_amd64_0f12908b4ff13ff7\igdgmm64.dll
0x00007ffc5fc50000 - 0x00007ffc633e4000 	C:\Windows\System32\DriverStore\FileRepository\iigd_dch.inf_amd64_0f12908b4ff13ff7\igc64.dll
0x00007ffc73790000 - 0x00007ffc737db000 	C:\Windows\SYSTEM32\powrprof.dll
0x00007ffc73770000 - 0x00007ffc73782000 	C:\Windows\SYSTEM32\UMPDC.dll
0x00007ffc73300000 - 0x00007ffc73318000 	C:\Windows\SYSTEM32\CRYPTSP.dll
0x00007ffc729c0000 - 0x00007ffc729f4000 	C:\Windows\system32\rsaenh.dll
0x00007ffc732f0000 - 0x00007ffc732fc000 	C:\Windows\SYSTEM32\CRYPTBASE.dll
0x00007ffc5ae20000 - 0x00007ffc5ae3c000 	C:\Program Files\Java\jdk-1.8\jre\bin\net.dll
0x00007ffc730a0000 - 0x00007ffc7310a000 	C:\Windows\system32\mswsock.dll
0x00007ffc72d80000 - 0x00007ffc72dbb000 	C:\Windows\SYSTEM32\IPHLPAPI.DLL
0x00007ffc76160000 - 0x00007ffc76168000 	C:\Windows\System32\NSI.dll
0x00007ffc67800000 - 0x00007ffc67817000 	C:\Windows\SYSTEM32\dhcpcsvc6.DLL
0x00007ffc677c0000 - 0x00007ffc677dd000 	C:\Windows\SYSTEM32\dhcpcsvc.DLL
0x00007ffc72dc0000 - 0x00007ffc72e8b000 	C:\Windows\SYSTEM32\DNSAPI.dll
0x00007ffc583f0000 - 0x00007ffc58403000 	C:\Program Files\Java\jdk-1.8\jre\bin\nio.dll
0x000001efecbc0000 - 0x000001efecc24000 	C:\Users\Oikmo\workspace\Minecraft-Alpha-1.2.6-Modded\libs\natives\OpenAL64.dll
0x00007ffc661c0000 - 0x00007ffc66245000 	C:\Windows\System32\MMDevApi.dll
0x00007ffc73700000 - 0x00007ffc73733000 	C:\Windows\System32\DEVOBJ.dll
0x00007ffc35340000 - 0x00007ffc353dc000 	C:\Windows\SYSTEM32\dsound.dll
0x00007ffc56f50000 - 0x00007ffc56f76000 	C:\Windows\SYSTEM32\winmmbase.dll
0x00007ffc633f0000 - 0x00007ffc63572000 	C:\Windows\SYSTEM32\AUDIOSES.DLL
0x00007ffc710b0000 - 0x00007ffc710c4000 	C:\Windows\SYSTEM32\resourcepolicyclient.dll
0x0000000068e40000 - 0x0000000068e66000 	C:\Program Files\Bonjour\mdnsNSP.dll
0x00007ffc5ded0000 - 0x00007ffc5deda000 	C:\Windows\System32\rasadhlp.dll
0x00007ffc5e450000 - 0x00007ffc5e4d0000 	C:\Windows\System32\fwpuclnt.dll
0x00007ffc5d790000 - 0x00007ffc5d7b5000 	C:\Program Files\Java\jdk-1.8\jre\bin\sunec.dll
0x00007ffc6ee30000 - 0x00007ffc6ee3e000 	C:\Program Files\Java\jdk-1.8\jre\bin\sunmscapi.dll
0x00007ffc74200000 - 0x00007ffc7435e000 	C:\Windows\System32\CRYPT32.dll
0x00007ffc73410000 - 0x00007ffc73438000 	C:\Windows\SYSTEM32\ncrypt.dll
0x00007ffc733d0000 - 0x00007ffc7340b000 	C:\Windows\SYSTEM32\NTASN1.dll
0x00007ffc71760000 - 0x00007ffc71944000 	C:\Windows\SYSTEM32\dbghelp.dll

VM Arguments:
jvm_args: -Djava.library.path=C:\Users\Oikmo\workspace\Minecraft-Alpha-1.2.6-Modded\libs\natives -Dfile.encoding=Cp1252 
java_command: net.minecraft.client.Minecraft
java_class_path (initial): C:\Users\Oikmo\workspace\Minecraft-Alpha-1.2.6-Modded\bin;C:\Users\Oikmo\workspace\Minecraft-Alpha-1.2.6-Modded\libs\jakarta.json-1.1.6.jar;C:\Users\Oikmo\workspace\Minecraft-Alpha-1.2.6-Modded\libs\jsonp-2.7.0.Final.jar;C:\Users\Oikmo\workspace\Minecraft-Alpha-1.2.6-Modded\libs\lwjgl_util.jar;C:\Users\Oikmo\workspace\Minecraft-Alpha-1.2.6-Modded\libs\lwjgl.jar;C:\Users\Oikmo\workspace\Minecraft-Alpha-1.2.6-Modded\libs\mc_a1.2.6.jar;C:\Users\Oikmo\workspace\Minecraft-Alpha-1.2.6-Modded\libs\soundsystem-20120107.jar;C:\Users\Oikmo\workspace\Minecraft-Alpha-1.2.6-Modded\libs\a1.2.6.jar
Launcher Type: SUN_STANDARD

Environment Variables:
JAVA_HOME=C:\Program Files\Java\jdk-1.8
PATH=C:\Program Files (x86)\Common Files\Oracle\Java\javapath;C:\Windows\system32;C:\Windows;C:\Windows\System32\Wbem;C:\Windows\System32\WindowsPowerShell\v1.0\;C:\Windows\System32\OpenSSH\;C:\Program Files\WezTerm;C:\Program Files\Git\cmd;C:\Program Files\dotnet\;C:\Program Files\Go\bin;C:\Program Files\Java\jdk-1.8\bin\;C:\Program Files (x86)\eID_klient\;C:\Program Files (x86)\eID_klient\redist_x64\;C:\Program Files\PuTTY\;C:\Program Files\Microsoft SQL Server\150\Tools\Binn\;C:\Program Files\Microsoft SQL Server\Client SDK\ODBC\170\Tools\Binn\;C:\Program Files (x86)\Microsoft SQL Server\160\DTS\Binn\;C:\Program Files (x86)\Microsoft SQL Server\160\Tools\Binn\;C:\Program Files\Microsoft SQL Server\160\Tools\Binn\;C:\Program Files\Microsoft SQL Server\160\DTS\Binn\;C:\Ruby30-x64\bin;C:\Users\Oikmo\AppData\Local\Programs\Python\Python310\Scripts\;C:\Users\Oikmo\AppData\Local\Programs\Python\Python310\;C:\Users\Oikmo\AppData\Local\Programs\Python\Python311\Scripts\;C:\Users\Oikmo\AppData\Local\Programs\Python\Python311\;C:\Users\Oikmo\AppData\Local\Microsoft\WindowsApps;C:\Program Files\Java\jdk-1.8\bin;C:\Users\Oikmo\AppData\Local\GitHubDesktop\bin;C:\Program Files\Vim\vim90;C:\MinGW\bin;C:\Users\Oikmo\AppData\Local\bin\NASM;C:\make\bin;C:\Program Files\qemu;C:\Users\Oikmo\AppData\Local\Programs\Microsoft VS Code\bin;C://UnLockCatch/tools/vcruntime;C:\Users\Oikmo\.dotnet\tools;C:\Users\Oikmo\go\bin;C:\ffmpeg;C:\Users\Oikmo\AppData\Local\spicetify;C:\apache-maven-3.9.6\bin;C:\Program Files (x86)\GnuWin32\bin;
USERNAME=Oikmo
OS=Windows_NT
PROCESSOR_IDENTIFIER=Intel64 Family 6 Model 156 Stepping 0, GenuineIntel



---------------  S Y S T E M  ---------------

OS: Windows 10 , 64 bit Build 19041 (10.0.19041.3636)

CPU:total 4 (initial active 4) (4 cores per cpu, 1 threads per core) family 6 model 156 stepping 0, cmov, cx8, fxsr, mmx, sse, sse2, sse3, ssse3, sse4.1, sse4.2, popcnt, aes, clmul, erms, 3dnowpref, tsc, tscinvbit

Memory: 4k page, physical 4008632k(281280k free), swap 8446936k(1181804k free)

vm_info: Java HotSpot(TM) 64-Bit Server VM (25.401-b10) for windows-amd64 JRE (1.8.0_401-b10), built on Dec 19 2023 12:38:48 by "java_re" with MS VC++ 17.1 (VS2022)

time: Fri May 17 17:58:20 2024
timezone: GMT Summer Time
elapsed time: 39.596911 seconds (0d 0h 0m 39s)

