#
# A fatal error has been detected by the Java Runtime Environment:
#
#  EXCEPTION_ACCESS_VIOLATION (0xc0000005) at pc=0x00007ffcf42d990c, pid=14568, tid=0x0000000000002b8c
#
# JRE version: Java(TM) SE Runtime Environment (8.0_381) (build 1.8.0_381-b09)
# Java VM: Java HotSpot(TM) 64-Bit Server VM (25.381-b09 mixed mode windows-amd64 compressed oops)
# Problematic frame:
# C  [ig11icd64.dll+0x5f990c]
#
# Failed to write core dump. Minidumps are not enabled by default on client versions of Windows
#
# If you would like to submit a bug report, please visit:
#   http://bugreport.java.com/bugreport/crash.jsp
#

---------------  T H R E A D  ---------------

Current thread (0x0000027229674000):  VMThread [stack: 0x000000a2ae700000,0x000000a2ae800000] [id=11148]

siginfo: ExceptionCode=0xc0000005, reading address 0x0000000000035788

Registers:
RAX=0x00000272405871d8, RBX=0x00000272405870d0, RCX=0x0000000000000000, RDX=0x000002722b1f7a20
RSP=0x000000a2ae7fe550, RBP=0x00000272405831b0, RSI=0x00000272405876a0, RDI=0x000002722b3c7570
R8 =0x0000000000000014, R9 =0x00000272405871d8, R10=0x0000000000000000, R11=0x0000000000000246
R12=0x000002722b357f00, R13=0x0000000000000000, R14=0x0000000000000000, R15=0x0000000000000000
RIP=0x00007ffcf42d990c, EFLAGS=0x0000000000010206

Top of Stack: (sp=0x000000a2ae7fe550)
0x000000a2ae7fe550:   000002722b2bc230 22370141d8360296
0x000000a2ae7fe560:   000000a2ae7fe598 0000005400000000
0x000000a2ae7fe570:   0000000000000010 0000000000000000
0x000000a2ae7fe580:   0000000100130000 000002722b357f60
0x000000a2ae7fe590:   0000000000000000 00007ffcf42baaed
0x000000a2ae7fe5a0:   000002722b2bc230 000002722b3c7570
0x000000a2ae7fe5b0:   000000a2ae7fe6a0 000000000009469c
0x000000a2ae7fe5c0:   000000a2000167ac e15c010500000000
0x000000a2ae7fe5d0:   0000000000000000 425e01b1355e0140
0x000000a2ae7fe5e0:   6c5f014a6c5f00c4 aa6000a3376000dc
0x000000a2ae7fe5f0:   f5610141b9600156 29620139fc6100e3
0x000000a2ae7fe600:   f5620297e7620151 636300993e6300f8
0x000000a2ae7fe610:   c96400ef47640081 7f6501246d650126
0x000000a2ae7fe620:   d26900a76867010e 7b6e0110016b0081
0x000000a2ae7fe630:   e8700119bf70008c a4730136d8720125
0x000000a2ae7fe640:   c77400a7d3730101 8e77008e417602a4 

Instructions: (pc=0x00007ffcf42d990c)
0x00007ffcf42d98ec:   8b c1 83 e0 0f 48 8d 04 c0 49 8d 04 c1 48 85 c0
0x00007ffcf42d98fc:   74 0c 48 8b 48 08 eb 08 48 83 c0 08 eb ef 33 c9
0x00007ffcf42d990c:   49 3b 8e 88 57 03 00 76 51 48 8b 87 78 02 00 00
0x00007ffcf42d991c:   48 89 06 48 89 9f 78 02 00 00 ff 87 80 02 00 00 


Register to memory mapping:

RAX=0x00000272405871d8 is an unknown value
RBX=0x00000272405870d0 is an unknown value
RCX=0x0000000000000000 is an unknown value
RDX=0x000002722b1f7a20 is an unknown value
RSP=0x000000a2ae7fe550 is an unknown value
RBP=0x00000272405831b0 is an unknown value
RSI=0x00000272405876a0 is an unknown value
RDI=0x000002722b3c7570 is an unknown value
R8 =0x0000000000000014 is an unknown value
R9 =0x00000272405871d8 is an unknown value
R10=0x0000000000000000 is an unknown value
R11=0x0000000000000246 is an unknown value
R12=0x000002722b357f00 is an unknown value
R13=0x0000000000000000 is an unknown value
R14=0x0000000000000000 is an unknown value
R15=0x0000000000000000 is an unknown value


Stack: [0x000000a2ae700000,0x000000a2ae800000],  sp=0x000000a2ae7fe550,  free space=1017k
Native frames: (J=compiled Java code, j=interpreted, Vv=VM code, C=native code)
C  [ig11icd64.dll+0x5f990c]
C  [ig11icd64.dll+0x5daaed]
C  [ig11icd64.dll+0x6d43cf]
C  [ig11icd64.dll+0x6391e8]
C  [ig11icd64.dll+0x6d0989]
C  [ig11icd64.dll+0x5d5b30]
C  [ig11icd64.dll+0x5d5979]
C  [ig11icd64.dll+0x585dfb]
C  [ntdll.dll+0x19a1d]
C  [ntdll.dll+0x5dcda]
C  [ntdll.dll+0x5da8d]
C  [KERNEL32.DLL+0x1e3bb]
C  [ucrtbase.dll+0x205bc]
C  [ucrtbase.dll+0x2045f]
V  [jvm.dll+0x21baa5]
V  [jvm.dll+0x2594b6]
V  [jvm.dll+0x259a77]
V  [jvm.dll+0x25819f]
V  [jvm.dll+0x258928]
V  [jvm.dll+0x258bf4]
V  [jvm.dll+0x2accec]
C  [ucrtbase.dll+0x21bb2]
C  [KERNEL32.DLL+0x17344]
C  [ntdll.dll+0x526b1]

VM_Operation (0x000000a2af5fd210): Exit, mode: safepoint, requested by thread 0x000002722a62a000


---------------  P R O C E S S  ---------------

Java Threads: ( => current thread )
  0x000002722b5e9800 JavaThread "Thread-5" [_thread_blocked, id=2624, stack(0x000000a2afd00000,0x000000a2afe00000)]
  0x000002722b60f000 JavaThread "Thread-4" [_thread_blocked, id=4200, stack(0x000000a2afc00000,0x000000a2afd00000)]
  0x00000272155d4000 JavaThread "DestroyJavaVM" [_thread_blocked, id=1112, stack(0x000000a2ae200000,0x000000a2ae300000)]
  0x000002722b19c800 JavaThread "Timer hack thread" daemon [_thread_blocked, id=14304, stack(0x000000a2af600000,0x000000a2af700000)]
  0x000002722a62a000 JavaThread "AWT-EventQueue-0" [_thread_blocked, id=8528, stack(0x000000a2af500000,0x000000a2af600000)]
  0x000002722a5f7800 JavaThread "AWT-Shutdown" [_thread_blocked, id=13556, stack(0x000000a2af300000,0x000000a2af400000)]
  0x000002722a5f4000 JavaThread "Java2D Disposer" daemon [_thread_blocked, id=3084, stack(0x000000a2af200000,0x000000a2af300000)]
  0x000002722973f000 JavaThread "Service Thread" daemon [_thread_blocked, id=7752, stack(0x000000a2aef00000,0x000000a2af000000)]
  0x00000272296d1800 JavaThread "C1 CompilerThread2" daemon [_thread_blocked, id=3548, stack(0x000000a2aee00000,0x000000a2aef00000)]
  0x00000272296c8000 JavaThread "C2 CompilerThread1" daemon [_thread_blocked, id=10128, stack(0x000000a2aed00000,0x000000a2aee00000)]
  0x00000272296ba800 JavaThread "C2 CompilerThread0" daemon [_thread_blocked, id=14928, stack(0x000000a2aec00000,0x000000a2aed00000)]
  0x00000272296b2800 JavaThread "Attach Listener" daemon [_thread_blocked, id=6976, stack(0x000000a2aeb00000,0x000000a2aec00000)]
  0x00000272296b1000 JavaThread "Signal Dispatcher" daemon [_thread_blocked, id=9396, stack(0x000000a2aea00000,0x000000a2aeb00000)]
  0x0000027228f58000 JavaThread "Finalizer" daemon [_thread_blocked, id=14560, stack(0x000000a2ae900000,0x000000a2aea00000)]
  0x0000027229695800 JavaThread "Reference Handler" daemon [_thread_blocked, id=4340, stack(0x000000a2ae800000,0x000000a2ae900000)]

Other Threads:
=>0x0000027229674000 VMThread [stack: 0x000000a2ae700000,0x000000a2ae800000] [id=11148]

VM state:at safepoint (shutting down)

VM Mutex/Monitor currently owned by a thread:  ([mutex/lock_event])
[0x00000272155cd5f0] Threads_lock - owner thread: 0x0000027229674000

heap address: 0x00000000c2c00000, size: 980 MB, Compressed Oops mode: 32-bit
Narrow klass base: 0x0000000000000000, Narrow klass shift: 3
Compressed class space size: 1073741824 Address: 0x0000000100000000

Heap:
 PSYoungGen      total 40960K, used 32936K [0x00000000eb980000, 0x00000000ef800000, 0x0000000100000000)
  eden space 20992K, 82% used [0x00000000eb980000,0x00000000eca6f828,0x00000000ece00000)
  from space 19968K, 78% used [0x00000000ee400000,0x00000000ef33a868,0x00000000ef780000)
  to   space 21504K, 0% used [0x00000000ece00000,0x00000000ece00000,0x00000000ee300000)
 ParOldGen       total 83456K, used 56628K [0x00000000c2c00000, 0x00000000c7d80000, 0x00000000eb980000)
  object space 83456K, 67% used [0x00000000c2c00000,0x00000000c634d1c8,0x00000000c7d80000)
 Metaspace       used 21489K, capacity 21815K, committed 22272K, reserved 1069056K
  class space    used 2337K, capacity 2448K, committed 2560K, reserved 1048576K

Card table byte_map: [0x0000027226290000,0x0000027226480000] byte_map_base: 0x0000027225c7a000

Marking Bits: (ParMarkBitMap*) 0x00007ffcfb336040
 Begin Bits: [0x00000272265d0000, 0x0000027227520000)
 End Bits:   [0x0000027227520000, 0x0000027228470000)

Polling page: 0x00000272156c0000

CodeCache: size=245760Kb used=14043Kb max_used=14043Kb free=231716Kb
 bounds [0x0000027216ed0000, 0x0000027217ce0000, 0x0000027225ed0000]
 total_blobs=3527 nmethods=2840 adapters=600
 compilation: enabled

Compilation events (10 events):
Event: 34.544 Thread 0x00000272296d1800 3579       3       net.minecraft.src.NBTTagShort::writeTagContents (11 bytes)
Event: 34.544 Thread 0x00000272296d1800 nmethod 3579 0x0000027217197ed0 code [0x0000027217198040, 0x0000027217198270]
Event: 34.544 Thread 0x00000272296d1800 3580       3       java.io.DataOutputStream::writeShort (35 bytes)
Event: 34.545 Thread 0x00000272296d1800 nmethod 3580 0x00000272171cf890 code [0x00000272171cfa20, 0x00000272171cfde0]
Event: 34.548 Thread 0x00000272296d1800 3581       3       net.minecraft.src.NBTTagDouble::<init> (10 bytes)
Event: 34.549 Thread 0x00000272296d1800 nmethod 3581 0x00000272171cf410 code [0x00000272171cf580, 0x00000272171cf7b8]
Event: 34.551 Thread 0x00000272296d1800 3582       3       net.minecraft.src.NBTTagDouble::writeTagContents (11 bytes)
Event: 34.551 Thread 0x00000272296d1800 nmethod 3582 0x00000272171cef90 code [0x00000272171cf100, 0x00000272171cf330]
Event: 34.551 Thread 0x00000272296d1800 3583       3       java.io.DataOutputStream::writeDouble (9 bytes)
Event: 34.551 Thread 0x00000272296d1800 nmethod 3583 0x0000027217531610 code [0x0000027217531780, 0x0000027217531ab0]

GC Heap History (10 events):
Event: 13.689 GC heap before
{Heap before GC invocations=12 (full 3):
 PSYoungGen      total 34816K, used 15693K [0x00000000eb980000, 0x00000000eec80000, 0x0000000100000000)
  eden space 19456K, 46% used [0x00000000eb980000,0x00000000ec268550,0x00000000ecc80000)
  from space 15360K, 42% used [0x00000000edd80000,0x00000000ee3eaf08,0x00000000eec80000)
  to   space 16384K, 0% used [0x00000000ecc80000,0x00000000ecc80000,0x00000000edc80000)
 ParOldGen       total 83456K, used 48087K [0x00000000c2c00000, 0x00000000c7d80000, 0x00000000eb980000)
  object space 83456K, 57% used [0x00000000c2c00000,0x00000000c5af5c38,0x00000000c7d80000)
 Metaspace       used 20814K, capacity 21113K, committed 21376K, reserved 1069056K
  class space    used 2313K, capacity 2411K, committed 2432K, reserved 1048576K
Event: 13.699 GC heap after
Heap after GC invocations=12 (full 3):
 PSYoungGen      total 27648K, used 8104K [0x00000000eb980000, 0x00000000eeb80000, 0x0000000100000000)
  eden space 19456K, 0% used [0x00000000eb980000,0x00000000eb980000,0x00000000ecc80000)
  from space 8192K, 98% used [0x00000000ecc80000,0x00000000ed46a300,0x00000000ed480000)
  to   space 15872K, 0% used [0x00000000edc00000,0x00000000edc00000,0x00000000eeb80000)
 ParOldGen       total 83456K, used 48095K [0x00000000c2c00000, 0x00000000c7d80000, 0x00000000eb980000)
  object space 83456K, 57% used [0x00000000c2c00000,0x00000000c5af7c38,0x00000000c7d80000)
 Metaspace       used 20814K, capacity 21113K, committed 21376K, reserved 1069056K
  class space    used 2313K, capacity 2411K, committed 2432K, reserved 1048576K
}
Event: 13.699 GC heap before
{Heap before GC invocations=13 (full 4):
 PSYoungGen      total 27648K, used 8104K [0x00000000eb980000, 0x00000000eeb80000, 0x0000000100000000)
  eden space 19456K, 0% used [0x00000000eb980000,0x00000000eb980000,0x00000000ecc80000)
  from space 8192K, 98% used [0x00000000ecc80000,0x00000000ed46a300,0x00000000ed480000)
  to   space 15872K, 0% used [0x00000000edc00000,0x00000000edc00000,0x00000000eeb80000)
 ParOldGen       total 83456K, used 48095K [0x00000000c2c00000, 0x00000000c7d80000, 0x00000000eb980000)
  object space 83456K, 57% used [0x00000000c2c00000,0x00000000c5af7c38,0x00000000c7d80000)
 Metaspace       used 20814K, capacity 21113K, committed 21376K, reserved 1069056K
  class space    used 2313K, capacity 2411K, committed 2432K, reserved 1048576K
Event: 13.932 GC heap after
Heap after GC invocations=13 (full 4):
 PSYoungGen      total 27648K, used 0K [0x00000000eb980000, 0x00000000eeb80000, 0x0000000100000000)
  eden space 19456K, 0% used [0x00000000eb980000,0x00000000eb980000,0x00000000ecc80000)
  from space 8192K, 0% used [0x00000000ecc80000,0x00000000ecc80000,0x00000000ed480000)
  to   space 15872K, 0% used [0x00000000edc00000,0x00000000edc00000,0x00000000eeb80000)
 ParOldGen       total 83456K, used 55276K [0x00000000c2c00000, 0x00000000c7d80000, 0x00000000eb980000)
  object space 83456K, 66% used [0x00000000c2c00000,0x00000000c61fb078,0x00000000c7d80000)
 Metaspace       used 20814K, capacity 21113K, committed 21376K, reserved 1069056K
  class space    used 2313K, capacity 2411K, committed 2432K, reserved 1048576K
}
Event: 14.909 GC heap before
{Heap before GC invocations=14 (full 4):
 PSYoungGen      total 27648K, used 19456K [0x00000000eb980000, 0x00000000eeb80000, 0x0000000100000000)
  eden space 19456K, 100% used [0x00000000eb980000,0x00000000ecc80000,0x00000000ecc80000)
  from space 8192K, 0% used [0x00000000ecc80000,0x00000000ecc80000,0x00000000ed480000)
  to   space 15872K, 0% used [0x00000000edc00000,0x00000000edc00000,0x00000000eeb80000)
 ParOldGen       total 83456K, used 55276K [0x00000000c2c00000, 0x00000000c7d80000, 0x00000000eb980000)
  object space 83456K, 66% used [0x00000000c2c00000,0x00000000c61fb078,0x00000000c7d80000)
 Metaspace       used 20953K, capacity 21241K, committed 21632K, reserved 1069056K
  class space    used 2322K, capacity 2411K, committed 2432K, reserved 1048576K
Event: 14.919 GC heap after
Heap after GC invocations=14 (full 4):
 PSYoungGen      total 34304K, used 12970K [0x00000000eb980000, 0x00000000ef180000, 0x0000000100000000)
  eden space 18432K, 0% used [0x00000000eb980000,0x00000000eb980000,0x00000000ecb80000)
  from space 15872K, 81% used [0x00000000edc00000,0x00000000ee8aa928,0x00000000eeb80000)
  to   space 16896K, 0% used [0x00000000ecb80000,0x00000000ecb80000,0x00000000edc00000)
 ParOldGen       total 83456K, used 55284K [0x00000000c2c00000, 0x00000000c7d80000, 0x00000000eb980000)
  object space 83456K, 66% used [0x00000000c2c00000,0x00000000c61fd078,0x00000000c7d80000)
 Metaspace       used 20953K, capacity 21241K, committed 21632K, reserved 1069056K
  class space    used 2322K, capacity 2411K, committed 2432K, reserved 1048576K
}
Event: 18.033 GC heap before
{Heap before GC invocations=15 (full 4):
 PSYoungGen      total 34304K, used 31402K [0x00000000eb980000, 0x00000000ef180000, 0x0000000100000000)
  eden space 18432K, 100% used [0x00000000eb980000,0x00000000ecb80000,0x00000000ecb80000)
  from space 15872K, 81% used [0x00000000edc00000,0x00000000ee8aa928,0x00000000eeb80000)
  to   space 16896K, 0% used [0x00000000ecb80000,0x00000000ecb80000,0x00000000edc00000)
 ParOldGen       total 83456K, used 55284K [0x00000000c2c00000, 0x00000000c7d80000, 0x00000000eb980000)
  object space 83456K, 66% used [0x00000000c2c00000,0x00000000c61fd078,0x00000000c7d80000)
 Metaspace       used 21132K, capacity 21401K, committed 21760K, reserved 1069056K
  class space    used 2329K, capacity 2443K, committed 2560K, reserved 1048576K
Event: 18.119 GC heap after
Heap after GC invocations=15 (full 4):
 PSYoungGen      total 35328K, used 16888K [0x00000000eb980000, 0x00000000ef780000, 0x0000000100000000)
  eden space 18432K, 0% used [0x00000000eb980000,0x00000000eb980000,0x00000000ecb80000)
  from space 16896K, 99% used [0x00000000ecb80000,0x00000000edbfe2f8,0x00000000edc00000)
  to   space 19968K, 0% used [0x00000000ee400000,0x00000000ee400000,0x00000000ef780000)
 ParOldGen       total 83456K, used 56620K [0x00000000c2c00000, 0x00000000c7d80000, 0x00000000eb980000)
  object space 83456K, 67% used [0x00000000c2c00000,0x00000000c634b1c8,0x00000000c7d80000)
 Metaspace       used 21132K, capacity 21401K, committed 21760K, reserved 1069056K
  class space    used 2329K, capacity 2443K, committed 2560K, reserved 1048576K
}
Event: 27.472 GC heap before
{Heap before GC invocations=16 (full 4):
 PSYoungGen      total 35328K, used 35320K [0x00000000eb980000, 0x00000000ef780000, 0x0000000100000000)
  eden space 18432K, 100% used [0x00000000eb980000,0x00000000ecb80000,0x00000000ecb80000)
  from space 16896K, 99% used [0x00000000ecb80000,0x00000000edbfe2f8,0x00000000edc00000)
  to   space 19968K, 0% used [0x00000000ee400000,0x00000000ee400000,0x00000000ef780000)
 ParOldGen       total 83456K, used 56620K [0x00000000c2c00000, 0x00000000c7d80000, 0x00000000eb980000)
  object space 83456K, 67% used [0x00000000c2c00000,0x00000000c634b1c8,0x00000000c7d80000)
 Metaspace       used 21384K, capacity 21675K, committed 22016K, reserved 1069056K
  class space    used 2334K, capacity 2446K, committed 2560K, reserved 1048576K
Event: 27.483 GC heap after
Heap after GC invocations=16 (full 4):
 PSYoungGen      total 40960K, used 15594K [0x00000000eb980000, 0x00000000ef800000, 0x0000000100000000)
  eden space 20992K, 0% used [0x00000000eb980000,0x00000000eb980000,0x00000000ece00000)
  from space 19968K, 78% used [0x00000000ee400000,0x00000000ef33a868,0x00000000ef780000)
  to   space 21504K, 0% used [0x00000000ece00000,0x00000000ece00000,0x00000000ee300000)
 ParOldGen       total 83456K, used 56628K [0x00000000c2c00000, 0x00000000c7d80000, 0x00000000eb980000)
  object space 83456K, 67% used [0x00000000c2c00000,0x00000000c634d1c8,0x00000000c7d80000)
 Metaspace       used 21384K, capacity 21675K, committed 22016K, reserved 1069056K
  class space    used 2334K, capacity 2446K, committed 2560K, reserved 1048576K
}

Deoptimization events (10 events):
Event: 30.458 Thread 0x000002722b1b0800 Uncommon trap: reason=bimorphic action=maybe_recompile pc=0x0000027217b17ac4 method=net.minecraft.src.RenderBlocks.func_1224_a(IIILnet/minecraft/src/Material;)F @ 145
Event: 30.458 Thread 0x000002722b1b0800 Uncommon trap: reason=bimorphic action=maybe_recompile pc=0x0000027217566960 method=net.minecraft.src.RenderBlocks.func_1224_a(IIILnet/minecraft/src/Material;)F @ 145
Event: 30.458 Thread 0x000002722b1b0800 Uncommon trap: reason=bimorphic action=maybe_recompile pc=0x0000027217a046b0 method=net.minecraft.src.BlockFluids.func_291_e(Lnet/minecraft/src/IBlockAccess;III)Lnet/minecraft/src/Vec3D; @ 100
Event: 30.996 Thread 0x000002722b1b0800 Uncommon trap: reason=array_check action=maybe_recompile pc=0x00000272174e76a8 method=java.util.TimSort.mergeLo(IIII)V @ 468
Event: 30.996 Thread 0x000002722b1b0800 Uncommon trap: reason=array_check action=maybe_recompile pc=0x00000272170c6b38 method=java.util.TimSort.mergeHi(IIII)V @ 524
Event: 30.997 Thread 0x000002722b1b0800 Uncommon trap: reason=array_check action=maybe_recompile pc=0x00000272170c6b38 method=java.util.TimSort.mergeHi(IIII)V @ 524
Event: 30.997 Thread 0x000002722b1b0800 Uncommon trap: reason=array_check action=maybe_recompile pc=0x00000272174e76a8 method=java.util.TimSort.mergeLo(IIII)V @ 468
Event: 31.633 Thread 0x000002722b1b0800 Uncommon trap: reason=bimorphic action=maybe_recompile pc=0x0000027217c6293c method=net.minecraft.src.Entity.moveEntity(DDD)V @ 1406
Event: 32.377 Thread 0x000002722b1b0800 Uncommon trap: reason=bimorphic action=maybe_recompile pc=0x0000027217c6293c method=net.minecraft.src.Entity.moveEntity(DDD)V @ 1406
Event: 33.822 Thread 0x000002722b1b0800 Uncommon trap: reason=unstable_if action=reinterpret pc=0x00000272178464d0 method=net.minecraft.src.ClippingHelper.func_1152_a(DDDDDD)Z @ 394

Classes redefined (0 events):
No events

Internal exceptions (10 events):
Event: 34.462 Thread 0x000002722b60f000 Exception <a 'java/lang/InterruptedException': sleep interrupted> (0x00000000ec933178) thrown at [C:\jenkins\workspace\8-2-build-windows-x64-cygwin-sans-NAS\jdk8u381\237\hotspot\src\share\vm\prims\jvm.cpp, line 3359]
Event: 34.506 Thread 0x000002722b60f000 Exception <a 'java/lang/InterruptedException': sleep interrupted> (0x00000000ec933420) thrown at [C:\jenkins\workspace\8-2-build-windows-x64-cygwin-sans-NAS\jdk8u381\237\hotspot\src\share\vm\prims\jvm.cpp, line 3359]
Event: 34.554 Thread 0x000002722b60f000 Exception <a 'java/lang/InterruptedException': sleep interrupted> (0x00000000ec9336c8) thrown at [C:\jenkins\workspace\8-2-build-windows-x64-cygwin-sans-NAS\jdk8u381\237\hotspot\src\share\vm\prims\jvm.cpp, line 3359]
Event: 34.599 Thread 0x000002722b60f000 Exception <a 'java/lang/InterruptedException': sleep interrupted> (0x00000000ec933970) thrown at [C:\jenkins\workspace\8-2-build-windows-x64-cygwin-sans-NAS\jdk8u381\237\hotspot\src\share\vm\prims\jvm.cpp, line 3359]
Event: 34.643 Thread 0x000002722b60f000 Exception <a 'java/lang/InterruptedException': sleep interrupted> (0x00000000ec933c18) thrown at [C:\jenkins\workspace\8-2-build-windows-x64-cygwin-sans-NAS\jdk8u381\237\hotspot\src\share\vm\prims\jvm.cpp, line 3359]
Event: 34.688 Thread 0x000002722b60f000 Exception <a 'java/lang/InterruptedException': sleep interrupted> (0x00000000ec933ec0) thrown at [C:\jenkins\workspace\8-2-build-windows-x64-cygwin-sans-NAS\jdk8u381\237\hotspot\src\share\vm\prims\jvm.cpp, line 3359]
Event: 34.731 Thread 0x000002722b60f000 Exception <a 'java/lang/InterruptedException': sleep interrupted> (0x00000000ec934168) thrown at [C:\jenkins\workspace\8-2-build-windows-x64-cygwin-sans-NAS\jdk8u381\237\hotspot\src\share\vm\prims\jvm.cpp, line 3359]
Event: 34.777 Thread 0x000002722b60f000 Exception <a 'java/lang/InterruptedException': sleep interrupted> (0x00000000ec934410) thrown at [C:\jenkins\workspace\8-2-build-windows-x64-cygwin-sans-NAS\jdk8u381\237\hotspot\src\share\vm\prims\jvm.cpp, line 3359]
Event: 34.822 Thread 0x000002722b60f000 Exception <a 'java/lang/InterruptedException': sleep interrupted> (0x00000000ec9346b8) thrown at [C:\jenkins\workspace\8-2-build-windows-x64-cygwin-sans-NAS\jdk8u381\237\hotspot\src\share\vm\prims\jvm.cpp, line 3359]
Event: 34.867 Thread 0x000002722b60f000 Exception <a 'java/lang/InterruptedException': sleep interrupted> (0x00000000ec934960) thrown at [C:\jenkins\workspace\8-2-build-windows-x64-cygwin-sans-NAS\jdk8u381\237\hotspot\src\share\vm\prims\jvm.cpp, line 3359]

Events (10 events):
Event: 34.913 Thread 0x000002722a392800 Thread exited: 0x000002722a392800
Event: 34.913 loading class java/util/WeakHashMap$KeyIterator
Event: 34.914 loading class java/util/WeakHashMap$HashIterator
Event: 34.914 loading class java/util/WeakHashMap$HashIterator done
Event: 34.914 loading class java/util/WeakHashMap$KeyIterator done
Event: 34.914 Thread 0x0000027243070800 Thread exited: 0x0000027243070800
Event: 34.925 Thread 0x000002722a390800 Thread exited: 0x000002722a390800
Event: 34.952 Thread 0x000002722a605000 Thread exited: 0x000002722a605000
Event: 35.014 Thread 0x0000027243073000 Thread exited: 0x0000027243073000
Event: 35.015 Executing VM operation: Exit


Dynamic libraries:
0x00007ff65d520000 - 0x00007ff65d56a000 	C:\Program Files\Java\jdk-1.8\bin\javaw.exe
0x00007ffd4f770000 - 0x00007ffd4f967000 	C:\Windows\SYSTEM32\ntdll.dll
0x00007ffd4d7d0000 - 0x00007ffd4d88d000 	C:\Windows\System32\KERNEL32.DLL
0x00007ffd4d270000 - 0x00007ffd4d566000 	C:\Windows\System32\KERNELBASE.dll
0x00007ffd4db20000 - 0x00007ffd4dbce000 	C:\Windows\System32\ADVAPI32.dll
0x00007ffd4d920000 - 0x00007ffd4d9be000 	C:\Windows\System32\msvcrt.dll
0x00007ffd4e0f0000 - 0x00007ffd4e18c000 	C:\Windows\System32\sechost.dll
0x00007ffd4ee70000 - 0x00007ffd4ef96000 	C:\Windows\System32\RPCRT4.dll
0x00007ffd4eca0000 - 0x00007ffd4ee3e000 	C:\Windows\System32\USER32.dll
0x00007ffd4d7a0000 - 0x00007ffd4d7c2000 	C:\Windows\System32\win32u.dll
0x00007ffd4daf0000 - 0x00007ffd4db1c000 	C:\Windows\System32\GDI32.dll
0x00007ffd4d630000 - 0x00007ffd4d74a000 	C:\Windows\System32\gdi32full.dll
0x00007ffd4d1d0000 - 0x00007ffd4d26d000 	C:\Windows\System32\msvcp_win.dll
0x00007ffd4d0d0000 - 0x00007ffd4d1d0000 	C:\Windows\System32\ucrtbase.dll
0x00007ffd377c0000 - 0x00007ffd37a5a000 	C:\Windows\WinSxS\amd64_microsoft.windows.common-controls_6595b64144ccf1df_6.0.19041.3570_none_60bb2a3971f3e41a\COMCTL32.dll
0x00007ffd4efa0000 - 0x00007ffd4efd0000 	C:\Windows\System32\IMM32.DLL
0x00007ffd41d50000 - 0x00007ffd41d6b000 	C:\Program Files\Java\jdk-1.8\jre\bin\vcruntime140.dll
0x00007ffd43650000 - 0x00007ffd4365c000 	C:\Program Files\Java\jdk-1.8\jre\bin\vcruntime140_1.dll
0x00007ffd30290000 - 0x00007ffd3031e000 	C:\Program Files\Java\jdk-1.8\jre\bin\msvcp140.dll
0x00007ffcfab00000 - 0x00007ffcfb3b0000 	C:\Program Files\Java\jdk-1.8\jre\bin\server\jvm.dll
0x00007ffd4ec90000 - 0x00007ffd4ec98000 	C:\Windows\System32\PSAPI.DLL
0x00007ffd48450000 - 0x00007ffd48459000 	C:\Windows\SYSTEM32\WSOCK32.dll
0x00007ffd4e190000 - 0x00007ffd4e1fb000 	C:\Windows\System32\WS2_32.dll
0x00007ffd2e370000 - 0x00007ffd2e397000 	C:\Windows\SYSTEM32\WINMM.dll
0x00007ffd423d0000 - 0x00007ffd423da000 	C:\Windows\SYSTEM32\VERSION.dll
0x00007ffd4b680000 - 0x00007ffd4b692000 	C:\Windows\SYSTEM32\kernel.appcore.dll
0x00007ffd48260000 - 0x00007ffd48270000 	C:\Program Files\Java\jdk-1.8\jre\bin\verify.dll
0x00007ffd41e60000 - 0x00007ffd41e8b000 	C:\Program Files\Java\jdk-1.8\jre\bin\java.dll
0x00007ffd422b0000 - 0x00007ffd422c8000 	C:\Program Files\Java\jdk-1.8\jre\bin\zip.dll
0x00007ffd4e4e0000 - 0x00007ffd4ec24000 	C:\Windows\System32\SHELL32.dll
0x00007ffd4aed0000 - 0x00007ffd4b66b000 	C:\Windows\SYSTEM32\windows.storage.dll
0x00007ffd4efd0000 - 0x00007ffd4f324000 	C:\Windows\System32\combase.dll
0x00007ffd4c7c0000 - 0x00007ffd4c7ed000 	C:\Windows\SYSTEM32\Wldp.dll
0x00007ffd4dbd0000 - 0x00007ffd4dc7d000 	C:\Windows\System32\SHCORE.dll
0x00007ffd4f4d0000 - 0x00007ffd4f525000 	C:\Windows\System32\shlwapi.dll
0x00007ffd4cd80000 - 0x00007ffd4cda5000 	C:\Windows\SYSTEM32\profapi.dll
0x00007ffd2be90000 - 0x00007ffd2c00e000 	C:\Program Files\Java\jdk-1.8\jre\bin\awt.dll
0x00007ffd4e200000 - 0x00007ffd4e2cd000 	C:\Windows\System32\OLEAUT32.dll
0x00007ffd4a2d0000 - 0x00007ffd4a360000 	C:\Windows\SYSTEM32\apphelp.dll
0x00007ffd4a650000 - 0x00007ffd4a67f000 	C:\Windows\system32\DWMAPI.DLL
0x00007ffd4a470000 - 0x00007ffd4a50e000 	C:\Windows\system32\uxtheme.dll
0x00007ffd251c0000 - 0x00007ffd252e5000 	C:\Windows\system32\opengl32.dll
0x00007ffd255a0000 - 0x00007ffd255cc000 	C:\Windows\SYSTEM32\GLU32.dll
0x00007ffd4f610000 - 0x00007ffd4f724000 	C:\Windows\System32\MSCTF.dll
0x00007ffd4f340000 - 0x00007ffd4f46b000 	C:\Windows\System32\ole32.dll
0x00007ffd4d5a0000 - 0x00007ffd4d622000 	C:\Windows\System32\bcryptPrimitives.dll
0x00007ffd2ffc0000 - 0x00007ffd3000f000 	C:\Program Files\Java\jdk-1.8\jre\bin\fontmanager.dll
0x00007ffd3a9d0000 - 0x00007ffd3aaca000 	C:\Windows\SYSTEM32\textinputframework.dll
0x00007ffd4a050000 - 0x00007ffd4a142000 	C:\Windows\System32\CoreMessaging.dll
0x00007ffd49cf0000 - 0x00007ffd4a04b000 	C:\Windows\System32\CoreUIComponents.dll
0x00007ffd4bf70000 - 0x00007ffd4bfa3000 	C:\Windows\SYSTEM32\ntmarta.dll
0x00007ffd48980000 - 0x00007ffd48ad5000 	C:\Windows\SYSTEM32\wintypes.dll
0x00007ffd2ae60000 - 0x00007ffd2aec6000 	C:\Windows\system32\Oleacc.dll
0x0000000180000000 - 0x0000000180053000 	C:\Users\Oikmo\workspace\Minecraft-Alpha-1.2.6-Modded\libs\natives\lwjgl64.dll
0x00007ffd439f0000 - 0x00007ffd43a9e000 	C:\Windows\SYSTEM32\mscms.dll
0x00007ffd43910000 - 0x00007ffd43921000 	C:\Windows\SYSTEM32\ColorAdapterClient.dll
0x00007ffd4cd40000 - 0x00007ffd4cd6e000 	C:\Windows\SYSTEM32\USERENV.dll
0x00007ffd4d9c0000 - 0x00007ffd4da69000 	C:\Windows\System32\clbcatq.dll
0x00007ffd40ac0000 - 0x00007ffd40b03000 	C:\Windows\System32\Windows.Internal.Graphics.Display.DisplayColorManagement.dll
0x00007ffd4d750000 - 0x00007ffd4d79e000 	C:\Windows\System32\cfgmgr32.dll
0x00007ffd42e30000 - 0x00007ffd42e37000 	C:\Program Files\Java\jdk-1.8\jre\bin\jawt.dll
0x00007ffd40e90000 - 0x00007ffd40f92000 	C:\Windows\System32\AppXDeploymentClient.dll
0x00007ffcf3ce0000 - 0x00007ffcf4dfa000 	C:\Windows\System32\DriverStore\FileRepository\iigd_dch.inf_amd64_0f12908b4ff13ff7\ig11icd64.dll
0x00007ffd4b6f0000 - 0x00007ffd4b7e3000 	C:\Windows\system32\dxgi.dll
0x00007ffd1f130000 - 0x00007ffd1f25c000 	C:\Windows\System32\DriverStore\FileRepository\iigd_dch.inf_amd64_0f12908b4ff13ff7\igdml64.dll
0x00007ffd3ed40000 - 0x00007ffd3f149000 	C:\Windows\System32\DriverStore\FileRepository\iigd_dch.inf_amd64_0f12908b4ff13ff7\igdgmm64.dll
0x00007ffd3b580000 - 0x00007ffd3ed14000 	C:\Windows\System32\DriverStore\FileRepository\iigd_dch.inf_amd64_0f12908b4ff13ff7\igc64.dll
0x00007ffd4ccb0000 - 0x00007ffd4ccfb000 	C:\Windows\SYSTEM32\powrprof.dll
0x00007ffd4cc90000 - 0x00007ffd4cca2000 	C:\Windows\SYSTEM32\UMPDC.dll
0x00007ffd4c710000 - 0x00007ffd4c728000 	C:\Windows\SYSTEM32\CRYPTSP.dll
0x00007ffd4be30000 - 0x00007ffd4be64000 	C:\Windows\system32\rsaenh.dll
0x00007ffd4d570000 - 0x00007ffd4d597000 	C:\Windows\System32\bcrypt.dll
0x00007ffd4c730000 - 0x00007ffd4c73c000 	C:\Windows\SYSTEM32\CRYPTBASE.dll
0x00007ffd42150000 - 0x00007ffd4216c000 	C:\Program Files\Java\jdk-1.8\jre\bin\net.dll
0x00007ffd4c520000 - 0x00007ffd4c58a000 	C:\Windows\system32\mswsock.dll
0x00007ffd4c210000 - 0x00007ffd4c24b000 	C:\Windows\SYSTEM32\IPHLPAPI.DLL
0x00007ffd4f330000 - 0x00007ffd4f338000 	C:\Windows\System32\NSI.dll
0x00007ffd3a620000 - 0x00007ffd3a637000 	C:\Windows\SYSTEM32\dhcpcsvc6.DLL
0x00007ffd3b430000 - 0x00007ffd3b44d000 	C:\Windows\SYSTEM32\dhcpcsvc.DLL
0x00007ffd4c250000 - 0x00007ffd4c31a000 	C:\Windows\SYSTEM32\DNSAPI.dll
0x00007ffd36a80000 - 0x00007ffd36a93000 	C:\Program Files\Java\jdk-1.8\jre\bin\nio.dll
0x0000027232ea0000 - 0x0000027232f04000 	C:\Users\Oikmo\workspace\Minecraft-Alpha-1.2.6-Modded\libs\natives\OpenAL64.dll
0x00007ffd3b1a0000 - 0x00007ffd3b225000 	C:\Windows\System32\MMDevApi.dll
0x00007ffd4cb10000 - 0x00007ffd4cb43000 	C:\Windows\System32\DEVOBJ.dll
0x00007ffd1f090000 - 0x00007ffd1f12c000 	C:\Windows\SYSTEM32\dsound.dll
0x00007ffd343b0000 - 0x00007ffd343d6000 	C:\Windows\SYSTEM32\winmmbase.dll
0x00007ffd393d0000 - 0x00007ffd39552000 	C:\Windows\SYSTEM32\AUDIOSES.DLL
0x00007ffd4a550000 - 0x00007ffd4a564000 	C:\Windows\SYSTEM32\resourcepolicyclient.dll
0x00007ffd36060000 - 0x00007ffd3606a000 	C:\Windows\System32\rasadhlp.dll
0x00007ffd366e0000 - 0x00007ffd36762000 	C:\Windows\System32\fwpuclnt.dll
0x00007ffd30220000 - 0x00007ffd30245000 	C:\Program Files\Java\jdk-1.8\jre\bin\sunec.dll
0x00007ffd41e50000 - 0x00007ffd41e5d000 	C:\Program Files\Java\jdk-1.8\jre\bin\sunmscapi.dll
0x00007ffd4cf70000 - 0x00007ffd4d0cd000 	C:\Windows\System32\CRYPT32.dll
0x00007ffd4c830000 - 0x00007ffd4c857000 	C:\Windows\SYSTEM32\ncrypt.dll
0x00007ffd4c7f0000 - 0x00007ffd4c82b000 	C:\Windows\SYSTEM32\NTASN1.dll
0x00007ffd43930000 - 0x00007ffd4399a000 	C:\Windows\system32\Ninput.dll
0x00007ffd4abe0000 - 0x00007ffd4adc4000 	C:\Windows\SYSTEM32\dbghelp.dll

VM Arguments:
jvm_args: -Djava.library.path=C:\Users\Oikmo\workspace\Minecraft-Alpha-1.2.6-Modded\libs\natives -Dfile.encoding=Cp1252 
java_command: net.minecraft.client.Minecraft
java_class_path (initial): C:\Users\Oikmo\workspace\Minecraft-Alpha-1.2.6-Modded\bin;C:\Users\Oikmo\workspace\Minecraft-Alpha-1.2.6-Modded\libs\jakarta.json-1.1.6.jar;C:\Users\Oikmo\workspace\Minecraft-Alpha-1.2.6-Modded\libs\jsonp-2.7.0.Final.jar;C:\Users\Oikmo\workspace\Minecraft-Alpha-1.2.6-Modded\libs\lwjgl_util.jar;C:\Users\Oikmo\workspace\Minecraft-Alpha-1.2.6-Modded\libs\lwjgl.jar;C:\Users\Oikmo\workspace\Minecraft-Alpha-1.2.6-Modded\libs\mc_a1.2.6.jar;C:\Users\Oikmo\workspace\Minecraft-Alpha-1.2.6-Modded\libs\soundsystem-20120107.jar;C:\Users\Oikmo\workspace\Minecraft-Alpha-1.2.6-Modded\libs\a1.2.6.jar
Launcher Type: SUN_STANDARD

Environment Variables:
JAVA_HOME=C:\Program Files\Java\jdk-1.8
PATH=C:/Program Files/Java/jdk-1.8/bin/../jre/bin/server;C:/Program Files/Java/jdk-1.8/bin/../jre/bin;C:/Program Files/Java/jdk-1.8/bin/../jre/lib/amd64;C:\Windows\system32;C:\Windows;C:\Windows\System32\Wbem;C:\Windows\System32\WindowsPowerShell\v1.0\;C:\Windows\System32\OpenSSH\;C:\Program Files (x86)\eID_klient\;C:\Users\Oikmo\AppData\Local\Microsoft\WindowsApps;C:\Program Files\Java\jdk-1.8\bin;;C:\Users\Oikmo\eclipse;
USERNAME=Oikmo
OS=Windows_NT
PROCESSOR_IDENTIFIER=Intel64 Family 6 Model 156 Stepping 0, GenuineIntel



---------------  S Y S T E M  ---------------

OS: Windows 10 , 64 bit Build 19041 (10.0.19041.3570)

CPU:total 4 (initial active 4) (4 cores per cpu, 1 threads per core) family 6 model 156 stepping 0, cmov, cx8, fxsr, mmx, sse, sse2, sse3, ssse3, sse4.1, sse4.2, popcnt, aes, clmul, erms, 3dnowpref, tsc, tscinvbit

Memory: 4k page, physical 4008632k(385096k free), swap 8038068k(1470280k free)

vm_info: Java HotSpot(TM) 64-Bit Server VM (25.381-b09) for windows-amd64 JRE (1.8.0_381-b09), built on Jun 14 2023 13:50:38 by "java_re" with MS VC++ 17.1 (VS2022)

time: Fri Nov 17 16:15:21 2023
timezone: GMT Standard Time
elapsed time: 35.103586 seconds (0d 0h 0m 35s)

